# JRE version: OpenJDK Runtime Environment GraalVM CE 22.3.0 (17.0.5+8) (build 17.0.5+8-jvmci-22.3-b08)
# Java VM: OpenJDK 64-Bit Server VM GraalVM CE 22.3.0 (17.0.5+8-jvmci-22.3-b08, mixed mode, sharing, tiered, jvmci, jvmci compiler, compressed oops, compressed class ptrs, parallel gc, linux-amd64)
GC Precious Log:
 CPUs: 8 total, 1 available
 Memory: 1024M
 Large Page Support: Disabled
 NUMA Support: Disabled
 Compressed Oops: Enabled (32-bit)
 Alignments: Space 512K, Generation 512K, Heap 2M
 Heap Min Capacity: 100M
 Heap Initial Capacity: 100M
 Heap Max Capacity: 512M
 Pre-touch: Disabled
 Parallel Workers: 1
Heap:
 PSYoungGen      total 25088K, used 4411K [0x00000000f5580000, 0x00000000f7280000, 0x0000000100000000)
  eden space 22016K, 7% used [0x00000000f5580000,0x00000000f57121d0,0x00000000f6b00000)
  from space 3072K, 91% used [0x00000000f6f80000,0x00000000f723cb98,0x00000000f7280000)
  to   space 3072K, 0% used [0x00000000f6c80000,0x00000000f6c80000,0x00000000f6f80000)
 ParOldGen       total 68608K, used 35949K [0x00000000e0000000, 0x00000000e4300000, 0x00000000f5580000)
  object space 68608K, 52% used [0x00000000e0000000,0x00000000e231b528,0x00000000e4300000)
 Metaspace       used 46671K, committed 47424K, reserved 1097728K
  class space    used 4454K, committed 4800K, reserved 1048576K
GC Heap History (20 events):
Event: 19.606 GC heap before
{Heap before GC invocations=9 (full 1):
 PSYoungGen      total 29696K, used 29679K [0x00000000f5580000, 0x00000000f7a80000, 0x0000000100000000)
  eden space 22528K, 100% used [0x00000000f5580000,0x00000000f6b80000,0x00000000f6b80000)
  from space 7168K, 99% used [0x00000000f6c00000,0x00000000f72fbff0,0x00000000f7300000)
  to   space 7680K, 0% used [0x00000000f7300000,0x00000000f7300000,0x00000000f7a80000)
 ParOldGen       total 68608K, used 12910K [0x00000000e0000000, 0x00000000e4300000, 0x00000000f5580000)
  object space 68608K, 18% used [0x00000000e0000000,0x00000000e0c9b850,0x00000000e4300000)
 Metaspace       used 31712K, committed 32384K, reserved 1081344K
  class space    used 3283K, committed 3520K, reserved 1048576K
}
Event: 19.719 GC heap after
{Heap after GC invocations=9 (full 1):
 PSYoungGen      total 29696K, used 7353K [0x00000000f5580000, 0x00000000f7a80000, 0x0000000100000000)
  eden space 22016K, 0% used [0x00000000f5580000,0x00000000f5580000,0x00000000f6b00000)
  from space 7680K, 95% used [0x00000000f7300000,0x00000000f7a2e630,0x00000000f7a80000)
  to   space 7680K, 0% used [0x00000000f6b80000,0x00000000f6b80000,0x00000000f7300000)
 ParOldGen       total 68608K, used 14945K [0x00000000e0000000, 0x00000000e4300000, 0x00000000f5580000)
  object space 68608K, 21% used [0x00000000e0000000,0x00000000e0e986d8,0x00000000e4300000)
 Metaspace       used 31712K, committed 32384K, reserved 1081344K
  class space    used 3283K, committed 3520K, reserved 1048576K
}
Event: 20.496 GC heap before
{Heap before GC invocations=10 (full 1):
 PSYoungGen      total 29696K, used 29369K [0x00000000f5580000, 0x00000000f7a80000, 0x0000000100000000)
  eden space 22016K, 100% used [0x00000000f5580000,0x00000000f6b00000,0x00000000f6b00000)
  from space 7680K, 95% used [0x00000000f7300000,0x00000000f7a2e630,0x00000000f7a80000)
  to   space 7680K, 0% used [0x00000000f6b80000,0x00000000f6b80000,0x00000000f7300000)
 ParOldGen       total 68608K, used 14945K [0x00000000e0000000, 0x00000000e4300000, 0x00000000f5580000)
  object space 68608K, 21% used [0x00000000e0000000,0x00000000e0e986d8,0x00000000e4300000)
 Metaspace       used 32312K, committed 33088K, reserved 1081344K
  class space    used 3363K, committed 3712K, reserved 1048576K
}
Event: 20.608 GC heap after
{Heap after GC invocations=10 (full 1):
 PSYoungGen      total 29184K, used 6841K [0x00000000f5580000, 0x00000000f7900000, 0x0000000100000000)
  eden space 22016K, 0% used [0x00000000f5580000,0x00000000f5580000,0x00000000f6b00000)
  from space 7168K, 95% used [0x00000000f6b80000,0x00000000f722e630,0x00000000f7280000)
  to   space 6656K, 0% used [0x00000000f7280000,0x00000000f7280000,0x00000000f7900000)
 ParOldGen       total 68608K, used 17950K [0x00000000e0000000, 0x00000000e4300000, 0x00000000f5580000)
  object space 68608K, 26% used [0x00000000e0000000,0x00000000e1187a50,0x00000000e4300000)
 Metaspace       used 32312K, committed 33088K, reserved 1081344K
  class space    used 3363K, committed 3712K, reserved 1048576K
}
Event: 20.903 GC heap before
{Heap before GC invocations=11 (full 1):
 PSYoungGen      total 29184K, used 28857K [0x00000000f5580000, 0x00000000f7900000, 0x0000000100000000)
  eden space 22016K, 100% used [0x00000000f5580000,0x00000000f6b00000,0x00000000f6b00000)
  from space 7168K, 95% used [0x00000000f6b80000,0x00000000f722e630,0x00000000f7280000)
  to   space 6656K, 0% used [0x00000000f7280000,0x00000000f7280000,0x00000000f7900000)
 ParOldGen       total 68608K, used 17950K [0x00000000e0000000, 0x00000000e4300000, 0x00000000f5580000)
  object space 68608K, 26% used [0x00000000e0000000,0x00000000e1187a50,0x00000000e4300000)
 Metaspace       used 32634K, committed 33344K, reserved 1081344K
  class space    used 3411K, committed 3712K, reserved 1048576K
}
Event: 21.010 GC heap after
{Heap after GC invocations=11 (full 1):
 PSYoungGen      total 27136K, used 4960K [0x00000000f5580000, 0x00000000f7780000, 0x0000000100000000)
  eden space 22016K, 0% used [0x00000000f5580000,0x00000000f5580000,0x00000000f6b00000)
  from space 5120K, 96% used [0x00000000f7280000,0x00000000f7758020,0x00000000f7780000)
  to   space 6144K, 0% used [0x00000000f6b80000,0x00000000f6b80000,0x00000000f7180000)
 ParOldGen       total 68608K, used 22188K [0x00000000e0000000, 0x00000000e4300000, 0x00000000f5580000)
  object space 68608K, 32% used [0x00000000e0000000,0x00000000e15ab3b8,0x00000000e4300000)
 Metaspace       used 32634K, committed 33344K, reserved 1081344K
  class space    used 3411K, committed 3712K, reserved 1048576K
}
Event: 21.402 GC heap before
{Heap before GC invocations=12 (full 1):
 PSYoungGen      total 27136K, used 26976K [0x00000000f5580000, 0x00000000f7780000, 0x0000000100000000)
  eden space 22016K, 100% used [0x00000000f5580000,0x00000000f6b00000,0x00000000f6b00000)
  from space 5120K, 96% used [0x00000000f7280000,0x00000000f7758020,0x00000000f7780000)
  to   space 6144K, 0% used [0x00000000f6b80000,0x00000000f6b80000,0x00000000f7180000)
 ParOldGen       total 68608K, used 22188K [0x00000000e0000000, 0x00000000e4300000, 0x00000000f5580000)
  object space 68608K, 32% used [0x00000000e0000000,0x00000000e15ab3b8,0x00000000e4300000)
 Metaspace       used 32866K, committed 33600K, reserved 1081344K
  class space    used 3440K, committed 3776K, reserved 1048576K
}
Event: 21.502 GC heap after
{Heap after GC invocations=12 (full 1):
 PSYoungGen      total 24576K, used 2304K [0x00000000f5580000, 0x00000000f7300000, 0x0000000100000000)
  eden space 22016K, 0% used [0x00000000f5580000,0x00000000f5580000,0x00000000f6b00000)
  from space 2560K, 90% used [0x00000000f6b80000,0x00000000f6dc0000,0x00000000f6e00000)
  to   space 3584K, 0% used [0x00000000f6f80000,0x00000000f6f80000,0x00000000f7300000)
 ParOldGen       total 68608K, used 27147K [0x00000000e0000000, 0x00000000e4300000, 0x00000000f5580000)
  object space 68608K, 39% used [0x00000000e0000000,0x00000000e1a82e68,0x00000000e4300000)
 Metaspace       used 32866K, committed 33600K, reserved 1081344K
  class space    used 3440K, committed 3776K, reserved 1048576K
}
Event: 23.407 GC heap before
{Heap before GC invocations=13 (full 1):
 PSYoungGen      total 24576K, used 20769K [0x00000000f5580000, 0x00000000f7300000, 0x0000000100000000)
  eden space 22016K, 83% used [0x00000000f5580000,0x00000000f6788778,0x00000000f6b00000)
  from space 2560K, 90% used [0x00000000f6b80000,0x00000000f6dc0000,0x00000000f6e00000)
  to   space 3584K, 0% used [0x00000000f6f80000,0x00000000f6f80000,0x00000000f7300000)
 ParOldGen       total 68608K, used 27147K [0x00000000e0000000, 0x00000000e4300000, 0x00000000f5580000)
  object space 68608K, 39% used [0x00000000e0000000,0x00000000e1a82e68,0x00000000e4300000)
 Metaspace       used 35122K, committed 35840K, reserved 1081344K
  class space    used 3684K, committed 3968K, reserved 1048576K
}
Event: 23.605 GC heap after
{Heap after GC invocations=13 (full 1):
 PSYoungGen      total 25088K, used 2725K [0x00000000f5580000, 0x00000000f7280000, 0x0000000100000000)
  eden space 22016K, 0% used [0x00000000f5580000,0x00000000f5580000,0x00000000f6b00000)
  from space 3072K, 88% used [0x00000000f6f80000,0x00000000f7229700,0x00000000f7280000)
  to   space 3072K, 0% used [0x00000000f6c80000,0x00000000f6c80000,0x00000000f6f80000)
 ParOldGen       total 68608K, used 29431K [0x00000000e0000000, 0x00000000e4300000, 0x00000000f5580000)
  object space 68608K, 42% used [0x00000000e0000000,0x00000000e1cbde78,0x00000000e4300000)
 Metaspace       used 35122K, committed 35840K, reserved 1081344K
  class space    used 3684K, committed 3968K, reserved 1048576K
}
Event: 23.605 GC heap before
{Heap before GC invocations=14 (full 2):
 PSYoungGen      total 25088K, used 2725K [0x00000000f5580000, 0x00000000f7280000, 0x0000000100000000)
  eden space 22016K, 0% used [0x00000000f5580000,0x00000000f5580000,0x00000000f6b00000)
  from space 3072K, 88% used [0x00000000f6f80000,0x00000000f7229700,0x00000000f7280000)
  to   space 3072K, 0% used [0x00000000f6c80000,0x00000000f6c80000,0x00000000f6f80000)
 ParOldGen       total 68608K, used 29431K [0x00000000e0000000, 0x00000000e4300000, 0x00000000f5580000)
  object space 68608K, 42% used [0x00000000e0000000,0x00000000e1cbde78,0x00000000e4300000)
 Metaspace       used 35122K, committed 35840K, reserved 1081344K
  class space    used 3684K, committed 3968K, reserved 1048576K
}
Event: 24.235 GC heap after
{Heap after GC invocations=14 (full 2):
 PSYoungGen      total 25088K, used 0K [0x00000000f5580000, 0x00000000f7280000, 0x0000000100000000)
  eden space 22016K, 0% used [0x00000000f5580000,0x00000000f5580000,0x00000000f6b00000)
  from space 3072K, 0% used [0x00000000f6f80000,0x00000000f6f80000,0x00000000f7280000)
  to   space 3072K, 0% used [0x00000000f6c80000,0x00000000f6c80000,0x00000000f6f80000)
 ParOldGen       total 68608K, used 31524K [0x00000000e0000000, 0x00000000e4300000, 0x00000000f5580000)
  object space 68608K, 45% used [0x00000000e0000000,0x00000000e1ec9000,0x00000000e4300000)
 Metaspace       used 35122K, committed 35840K, reserved 1081344K
  class space    used 3684K, committed 3968K, reserved 1048576K
}
Event: 26.108 GC heap before
{Heap before GC invocations=15 (full 2):
 PSYoungGen      total 25088K, used 22016K [0x00000000f5580000, 0x00000000f7280000, 0x0000000100000000)
  eden space 22016K, 100% used [0x00000000f5580000,0x00000000f6b00000,0x00000000f6b00000)
  from space 3072K, 0% used [0x00000000f6f80000,0x00000000f6f80000,0x00000000f7280000)
  to   space 3072K, 0% used [0x00000000f6c80000,0x00000000f6c80000,0x00000000f6f80000)
 ParOldGen       total 68608K, used 31524K [0x00000000e0000000, 0x00000000e4300000, 0x00000000f5580000)
  object space 68608K, 45% used [0x00000000e0000000,0x00000000e1ec9000,0x00000000e4300000)
 Metaspace       used 38635K, committed 39424K, reserved 1089536K
  class space    used 3944K, committed 4288K, reserved 1048576K
}
Event: 26.198 GC heap after
{Heap after GC invocations=15 (full 2):
 PSYoungGen      total 23552K, used 1115K [0x00000000f5580000, 0x00000000f7000000, 0x0000000100000000)
  eden space 22016K, 0% used [0x00000000f5580000,0x00000000f5580000,0x00000000f6b00000)
  from space 1536K, 72% used [0x00000000f6c80000,0x00000000f6d96f68,0x00000000f6e00000)
  to   space 2048K, 0% used [0x00000000f6e00000,0x00000000f6e00000,0x00000000f7000000)
 ParOldGen       total 68608K, used 31524K [0x00000000e0000000, 0x00000000e4300000, 0x00000000f5580000)
  object space 68608K, 45% used [0x00000000e0000000,0x00000000e1ec9000,0x00000000e4300000)
 Metaspace       used 38635K, committed 39424K, reserved 1089536K
  class space    used 3944K, committed 4288K, reserved 1048576K
}
Event: 31.711 GC heap before
{Heap before GC invocations=16 (full 2):
 PSYoungGen      total 23552K, used 23131K [0x00000000f5580000, 0x00000000f7000000, 0x0000000100000000)
  eden space 22016K, 100% used [0x00000000f5580000,0x00000000f6b00000,0x00000000f6b00000)
  from space 1536K, 72% used [0x00000000f6c80000,0x00000000f6d96f68,0x00000000f6e00000)
  to   space 2048K, 0% used [0x00000000f6e00000,0x00000000f6e00000,0x00000000f7000000)
 ParOldGen       total 68608K, used 31524K [0x00000000e0000000, 0x00000000e4300000, 0x00000000f5580000)
  object space 68608K, 45% used [0x00000000e0000000,0x00000000e1ec9000,0x00000000e4300000)
 Metaspace       used 39390K, committed 40128K, reserved 1089536K
  class space    used 3983K, committed 4288K, reserved 1048576K
}
Event: 31.800 GC heap after
{Heap after GC invocations=16 (full 2):
 PSYoungGen      total 22528K, used 512K [0x00000000f5580000, 0x00000000f6e80000, 0x0000000100000000)
  eden space 22016K, 0% used [0x00000000f5580000,0x00000000f5580000,0x00000000f6b00000)
  from space 512K, 100% used [0x00000000f6e00000,0x00000000f6e80000,0x00000000f6e80000)
  to   space 1024K, 0% used [0x00000000f6c80000,0x00000000f6c80000,0x00000000f6d80000)
 ParOldGen       total 68608K, used 32391K [0x00000000e0000000, 0x00000000e4300000, 0x00000000f5580000)
  object space 68608K, 47% used [0x00000000e0000000,0x00000000e1fa1ca0,0x00000000e4300000)
 Metaspace       used 39390K, committed 40128K, reserved 1089536K
  class space    used 3983K, committed 4288K, reserved 1048576K
}
Event: 36.798 GC heap before
{Heap before GC invocations=17 (full 2):
 PSYoungGen      total 22528K, used 22528K [0x00000000f5580000, 0x00000000f6e80000, 0x0000000100000000)
  eden space 22016K, 100% used [0x00000000f5580000,0x00000000f6b00000,0x00000000f6b00000)
  from space 512K, 100% used [0x00000000f6e00000,0x00000000f6e80000,0x00000000f6e80000)
  to   space 1024K, 0% used [0x00000000f6c80000,0x00000000f6c80000,0x00000000f6d80000)
 ParOldGen       total 68608K, used 32391K [0x00000000e0000000, 0x00000000e4300000, 0x00000000f5580000)
  object space 68608K, 47% used [0x00000000e0000000,0x00000000e1fa1ca0,0x00000000e4300000)
 Metaspace       used 42505K, committed 43200K, reserved 1089536K
  class space    used 4200K, committed 4480K, reserved 1048576K
}
Event: 36.815 GC heap after
{Heap after GC invocations=17 (full 2):
 PSYoungGen      total 23040K, used 1024K [0x00000000f5580000, 0x00000000f7400000, 0x0000000100000000)
  eden space 22016K, 0% used [0x00000000f5580000,0x00000000f5580000,0x00000000f6b00000)
  from space 1024K, 100% used [0x00000000f6c80000,0x00000000f6d80000,0x00000000f6d80000)
  to   space 4608K, 0% used [0x00000000f6f80000,0x00000000f6f80000,0x00000000f7400000)
 ParOldGen       total 68608K, used 34944K [0x00000000e0000000, 0x00000000e4300000, 0x00000000f5580000)
  object space 68608K, 50% used [0x00000000e0000000,0x00000000e22201a8,0x00000000e4300000)
 Metaspace       used 42505K, committed 43200K, reserved 1089536K
  class space    used 4200K, committed 4480K, reserved 1048576K
}
Event: 311.218 GC heap before
{Heap before GC invocations=18 (full 2):
 PSYoungGen      total 23040K, used 23040K [0x00000000f5580000, 0x00000000f7400000, 0x0000000100000000)
  eden space 22016K, 100% used [0x00000000f5580000,0x00000000f6b00000,0x00000000f6b00000)
  from space 1024K, 100% used [0x00000000f6c80000,0x00000000f6d80000,0x00000000f6d80000)
  to   space 4608K, 0% used [0x00000000f6f80000,0x00000000f6f80000,0x00000000f7400000)
 ParOldGen       total 68608K, used 34944K [0x00000000e0000000, 0x00000000e4300000, 0x00000000f5580000)
  object space 68608K, 50% used [0x00000000e0000000,0x00000000e22201a8,0x00000000e4300000)
 Metaspace       used 46394K, committed 47232K, reserved 1097728K
  class space    used 4441K, committed 4800K, reserved 1048576K
}
Event: 311.309 GC heap after
{Heap after GC invocations=18 (full 2):
 PSYoungGen      total 25088K, used 2802K [0x00000000f5580000, 0x00000000f7280000, 0x0000000100000000)
  eden space 22016K, 0% used [0x00000000f5580000,0x00000000f5580000,0x00000000f6b00000)
  from space 3072K, 91% used [0x00000000f6f80000,0x00000000f723cb98,0x00000000f7280000)
  to   space 3072K, 0% used [0x00000000f6c80000,0x00000000f6c80000,0x00000000f6f80000)
 ParOldGen       total 68608K, used 35949K [0x00000000e0000000, 0x00000000e4300000, 0x00000000f5580000)
  object space 68608K, 52% used [0x00000000e0000000,0x00000000e231b528,0x00000000e4300000)
 Metaspace       used 46394K, committed 47232K, reserved 1097728K
  class space    used 4441K, committed 4800K, reserved 1048576K
}

